<?xml version="1.0" encoding="utf-8"?><testsuites name="pytest tests"><testsuite name="pytest" errors="0" failures="0" skipped="0" tests="19" time="9.271" timestamp="2026-03-18T00:19:28.427016+00:00" hostname="agent-env-78266a19-9b18-4404-90cd-6486fbdf4123"><testcase classname="backend.tests.test_site_editor.TestEditorDataEndpoint" name="test_get_editor_data_success" time="0.238" /><testcase classname="backend.tests.test_site_editor.TestEditorDataEndpoint" name="test_get_editor_data_hours_structure" time="0.135" /><testcase classname="backend.tests.test_site_editor.TestEditorDataEndpoint" name="test_get_editor_data_menu_structure" time="0.158" /><testcase classname="backend.tests.test_site_editor.TestEditorDataEndpoint" name="test_get_editor_data_texts_structure" time="0.155" /><testcase classname="backend.tests.test_site_editor.TestEditorDataEndpoint" name="test_get_editor_data_contacts_structure" time="0.173" /><testcase classname="backend.tests.test_site_editor.TestEditorDataEndpoint" name="test_get_editor_data_seo_structure" time="0.133" /><testcase classname="backend.tests.test_site_editor.TestEditorDataEndpoint" name="test_get_editor_data_not_found" time="0.158" /><testcase classname="backend.tests.test_site_editor.TestUpdateEndpoint" name="test_update_contacts_success" time="0.158" /><testcase classname="backend.tests.test_site_editor.TestUpdateEndpoint" name="test_update_texts_success" time="0.155" /><testcase classname="backend.tests.test_site_editor.TestUpdateEndpoint" name="test_update_hours_success" time="0.130" /><testcase classname="backend.tests.test_site_editor.TestUpdateEndpoint" name="test_update_menu_success" time="0.147" /><testcase classname="backend.tests.test_site_editor.TestUpdateEndpoint" name="test_update_seo_success" time="0.149" /><testcase classname="backend.tests.test_site_editor.TestUpdateEndpoint" name="test_update_gallery_success" time="0.163" /><testcase classname="backend.tests.test_site_editor.TestUpdateEndpoint" name="test_update_invalid_section" time="0.175" /><testcase classname="backend.tests.test_site_editor.TestUpdateEndpoint" name="test_update_invalid_email_format" time="0.146" /><testcase classname="backend.tests.test_site_editor.TestUpdateEndpoint" name="test_update_demo_not_found" time="0.142" /><testcase classname="backend.tests.test_site_editor.TestRepublishEndpoint" name="test_republish_success" time="1.713" /><testcase classname="backend.tests.test_site_editor.TestRepublishEndpoint" name="test_republish_demo_not_found" time="0.143" /><testcase classname="backend.tests.test_site_editor.TestDemosListEndpoint" name="test_demos_list_returns_demo_id" time="4.814" /></testsuite></testsuites>