<?xml version="1.0" encoding="utf-8"?><testsuites name="pytest tests"><testsuite name="pytest" errors="0" failures="0" skipped="0" tests="15" time="13.347" timestamp="2026-03-16T19:39:45.918615+00:00" hostname="agent-env-af7965c9-7c3e-40e1-acb4-257d87598a65"><testcase classname="backend.tests.test_api.TestHealthAndRoot" name="test_api_root" time="0.252" /><testcase classname="backend.tests.test_api.TestDashboardStats" name="test_dashboard_stats_returns_200" time="0.222" /><testcase classname="backend.tests.test_api.TestDashboardStats" name="test_dashboard_stats_structure" time="0.310" /><testcase classname="backend.tests.test_api.TestDashboardStats" name="test_dashboard_stats_values_are_integers" time="0.163" /><testcase classname="backend.tests.test_api.TestDashboardStats" name="test_dashboard_stats_values_non_negative" time="0.169" /><testcase classname="backend.tests.test_api.TestLeadsAPI" name="test_leads_list_returns_200" time="0.298" /><testcase classname="backend.tests.test_api.TestLeadsAPI" name="test_leads_list_returns_array" time="0.233" /><testcase classname="backend.tests.test_api.TestLeadsAPI" name="test_leads_list_structure" time="0.200" /><testcase classname="backend.tests.test_api.TestLeadsAPI" name="test_leads_filter_by_status" time="0.176" /><testcase classname="backend.tests.test_api.TestDemosAPI" name="test_demos_list_returns_200" time="2.281" /><testcase classname="backend.tests.test_api.TestDemosAPI" name="test_demos_list_returns_array" time="2.826" /><testcase classname="backend.tests.test_api.TestDemosAPI" name="test_demos_list_structure" time="2.397" /><testcase classname="backend.tests.test_api.TestDemosAPI" name="test_get_demo_by_id" time="3.466" /><testcase classname="backend.tests.test_api.TestDemosAPI" name="test_get_demo_not_found" time="0.135" /><testcase classname="backend.tests.test_api.TestAPISettings" name="test_get_api_settings" time="0.156" /></testsuite></testsuites>